# JRE version: Java(TM) SE Runtime Environment (16.0.2+7) (build 16.0.2+7-67)
# Java VM: Java HotSpot(TM) 64-Bit Server VM (16.0.2+7-67, mixed mode, sharing, tiered, compressed oops, compressed class ptrs, g1 gc, bsd-amd64)
GC Precious Log:
 CPUs: 8 total, 8 available
 Memory: 8192M
 Large Page Support: Disabled
 NUMA Support: Disabled
 Compressed Oops: Enabled (Zero based)
 Heap Region Size: 1M
 Heap Min Capacity: 8M
 Heap Initial Capacity: 128M
 Heap Max Capacity: 2G
 Pre-touch: Disabled
 Parallel Workers: 8
 Concurrent Workers: 2
 Concurrent Refinement Workers: 8
 Periodic GC: Disabled
Heap:
 garbage-first heap   total 81920K, used 43331K [0x0000000780000000, 0x0000000800000000)
  region size 1024K, 21 young (21504K), 5 survivors (5120K)
 Metaspace       used 47949K, committed 48448K, reserved 1097728K
  class space    used 6793K, committed 7040K, reserved 1048576K
GC Heap History (20 events):
Event: 2.867 GC heap before
{Heap before GC invocations=1 (full 0):
 garbage-first heap   total 133120K, used 37811K [0x0000000780000000, 0x0000000800000000)
  region size 1024K, 33 young (33792K), 3 survivors (3072K)
 Metaspace       used 6528K, committed 6720K, reserved 1056768K
  class space    used 772K, committed 896K, reserved 1048576K
}
Event: 2.875 GC heap after
{Heap after GC invocations=2 (full 0):
 garbage-first heap   total 133120K, used 8199K [0x0000000780000000, 0x0000000800000000)
  region size 1024K, 1 young (1024K), 1 survivors (1024K)
 Metaspace       used 6528K, committed 6720K, reserved 1056768K
  class space    used 772K, committed 896K, reserved 1048576K
}
Event: 3.596 GC heap before
{Heap before GC invocations=2 (full 0):
 garbage-first heap   total 133120K, used 83975K [0x0000000780000000, 0x0000000800000000)
  region size 1024K, 76 young (77824K), 1 survivors (1024K)
 Metaspace       used 14782K, committed 15040K, reserved 1064960K
  class space    used 1948K, committed 2048K, reserved 1048576K
}
Event: 3.600 GC heap after
{Heap after GC invocations=3 (full 0):
 garbage-first heap   total 133120K, used 11125K [0x0000000780000000, 0x0000000800000000)
  region size 1024K, 3 young (3072K), 3 survivors (3072K)
 Metaspace       used 14782K, committed 15040K, reserved 1064960K
  class space    used 1948K, committed 2048K, reserved 1048576K
}
Event: 4.640 GC heap before
{Heap before GC invocations=3 (full 0):
 garbage-first heap   total 133120K, used 74613K [0x0000000780000000, 0x0000000800000000)
  region size 1024K, 67 young (68608K), 3 survivors (3072K)
 Metaspace       used 20919K, committed 21248K, reserved 1073152K
  class space    used 2887K, committed 3008K, reserved 1048576K
}
Event: 4.646 GC heap after
{Heap after GC invocations=4 (full 0):
 garbage-first heap   total 133120K, used 14879K [0x0000000780000000, 0x0000000800000000)
  region size 1024K, 7 young (7168K), 7 survivors (7168K)
 Metaspace       used 20919K, committed 21248K, reserved 1073152K
  class space    used 2887K, committed 3008K, reserved 1048576K
}
Event: 4.931 GC heap before
{Heap before GC invocations=5 (full 0):
 garbage-first heap   total 58368K, used 55839K [0x0000000780000000, 0x0000000800000000)
  region size 1024K, 48 young (49152K), 7 survivors (7168K)
 Metaspace       used 23008K, committed 23296K, reserved 1073152K
  class space    used 3167K, committed 3264K, reserved 1048576K
}
Event: 4.939 GC heap after
{Heap after GC invocations=6 (full 0):
 garbage-first heap   total 67584K, used 16522K [0x0000000780000000, 0x0000000800000000)
  region size 1024K, 6 young (6144K), 6 survivors (6144K)
 Metaspace       used 23008K, committed 23296K, reserved 1073152K
  class space    used 3167K, committed 3264K, reserved 1048576K
}
Event: 5.008 GC heap before
{Heap before GC invocations=6 (full 0):
 garbage-first heap   total 67584K, used 48266K [0x0000000780000000, 0x0000000800000000)
  region size 1024K, 38 young (38912K), 6 survivors (6144K)
 Metaspace       used 23486K, committed 23744K, reserved 1073152K
  class space    used 3204K, committed 3328K, reserved 1048576K
}
Event: 5.011 GC heap after
{Heap after GC invocations=7 (full 0):
 garbage-first heap   total 67584K, used 16997K [0x0000000780000000, 0x0000000800000000)
  region size 1024K, 3 young (3072K), 3 survivors (3072K)
 Metaspace       used 23486K, committed 23744K, reserved 1073152K
  class space    used 3204K, committed 3328K, reserved 1048576K
}
Event: 5.267 GC heap before
{Heap before GC invocations=7 (full 0):
 garbage-first heap   total 67584K, used 48741K [0x0000000780000000, 0x0000000800000000)
  region size 1024K, 35 young (35840K), 3 survivors (3072K)
 Metaspace       used 25027K, committed 25472K, reserved 1073152K
  class space    used 3443K, committed 3648K, reserved 1048576K
}
Event: 5.271 GC heap after
{Heap after GC invocations=8 (full 0):
 garbage-first heap   total 135168K, used 17241K [0x0000000780000000, 0x0000000800000000)
  region size 1024K, 3 young (3072K), 3 survivors (3072K)
 Metaspace       used 25027K, committed 25472K, reserved 1073152K
  class space    used 3443K, committed 3648K, reserved 1048576K
}
Event: 5.896 GC heap before
{Heap before GC invocations=8 (full 0):
 garbage-first heap   total 135168K, used 60249K [0x0000000780000000, 0x0000000800000000)
  region size 1024K, 46 young (47104K), 3 survivors (3072K)
 Metaspace       used 35642K, committed 35968K, reserved 1081344K
  class space    used 4877K, committed 5056K, reserved 1048576K
}
Event: 5.901 GC heap after
{Heap after GC invocations=9 (full 0):
 garbage-first heap   total 135168K, used 21291K [0x0000000780000000, 0x0000000800000000)
  region size 1024K, 7 young (7168K), 7 survivors (7168K)
 Metaspace       used 35642K, committed 35968K, reserved 1081344K
  class space    used 4877K, committed 5056K, reserved 1048576K
}
Event: 6.750 GC heap before
{Heap before GC invocations=10 (full 0):
 garbage-first heap   total 81920K, used 63275K [0x0000000780000000, 0x0000000800000000)
  region size 1024K, 48 young (49152K), 7 survivors (7168K)
 Metaspace       used 41989K, committed 42432K, reserved 1089536K
  class space    used 5863K, committed 6080K, reserved 1048576K
}
Event: 6.756 GC heap after
{Heap after GC invocations=11 (full 0):
 garbage-first heap   total 81920K, used 23426K [0x0000000780000000, 0x0000000800000000)
  region size 1024K, 3 young (3072K), 3 survivors (3072K)
 Metaspace       used 41989K, committed 42432K, reserved 1089536K
  class space    used 5863K, committed 6080K, reserved 1048576K
}
Event: 7.213 GC heap before
{Heap before GC invocations=12 (full 0):
 garbage-first heap   total 81920K, used 63362K [0x0000000780000000, 0x0000000800000000)
  region size 1024K, 42 young (43008K), 3 survivors (3072K)
 Metaspace       used 43672K, committed 44032K, reserved 1089536K
  class space    used 6166K, committed 6336K, reserved 1048576K
}
Event: 7.215 GC heap after
{Heap after GC invocations=13 (full 0):
 garbage-first heap   total 81920K, used 25125K [0x0000000780000000, 0x0000000800000000)
  region size 1024K, 5 young (5120K), 5 survivors (5120K)
 Metaspace       used 43672K, committed 44032K, reserved 1089536K
  class space    used 6166K, committed 6336K, reserved 1048576K
}
Event: 7.612 GC heap before
{Heap before GC invocations=13 (full 0):
 garbage-first heap   total 81920K, used 63013K [0x0000000780000000, 0x0000000800000000)
  region size 1024K, 42 young (43008K), 5 survivors (5120K)
 Metaspace       used 46361K, committed 46720K, reserved 1089536K
  class space    used 6546K, committed 6720K, reserved 1048576K
}
Event: 7.616 GC heap after
{Heap after GC invocations=14 (full 0):
 garbage-first heap   total 81920K, used 27971K [0x0000000780000000, 0x0000000800000000)
  region size 1024K, 5 young (5120K), 5 survivors (5120K)
 Metaspace       used 46361K, committed 46720K, reserved 1089536K
  class space    used 6546K, committed 6720K, reserved 1048576K
}

